09:19:18.631 [main] INFO  - clicked on login
09:19:18.912 [main] INFO  - entered email and pwd
09:19:19.462 [main] INFO  - clicked on login button
09:19:19.537 [main] INFO  - Completed the LogintoOpenCart.feature file Test Case
09:20:56.894 [main] INFO  - clicked on login
09:20:57.212 [main] INFO  - entered email and pwd
09:20:57.724 [main] INFO  - clicked on login button
11:59:23.404 [main] INFO  - clicked on login
11:59:23.646 [main] INFO  - entered email and pwd
11:59:24.182 [main] INFO  - clicked on login button
11:59:24.264 [main] INFO  - Completed the LogintoOpenCart.feature file Test Case
12:07:06.705 [main] INFO  - clicked on login
12:07:07.004 [main] INFO  - entered email and pwd
12:07:07.663 [main] INFO  - clicked on login button
12:07:07.772 [main] INFO  - Completed the LogintoOpenCart.feature file Test Case
16:18:12.768 [main] INFO  - clicked on login
16:18:13.008 [main] INFO  - entered email and pwd
16:18:13.742 [main] INFO  - clicked on login button
16:18:13.804 [main] INFO  - Completed the LogintoOpenCart.feature file Test Case
16:18:20.673 [main] INFO  - clicked on login
16:18:20.911 [main] INFO  - entered email and pwd
16:18:21.355 [main] INFO  - clicked on login button
16:18:38.380 [main] INFO  - clicked on login
16:18:38.768 [main] INFO  - entered email and pwd
16:18:39.213 [main] INFO  - clicked on login button
16:44:26.852 [main] INFO  - clicked on login
16:44:27.068 [main] DEBUG - Parsing relationship: /xl/_rels/workbook.xml.rels
16:44:27.072 [main] DEBUG - Parsing relationship: /xl/worksheets/_rels/sheet1.xml.rels
16:44:27.077 [main] DEBUG - Parsing relationship: /_rels/.rels
16:44:27.315 [main] TRACE - Loading type system org.apache.poi.schemas.ooxml.system.ooxml
16:44:27.319 [main] TRACE - Loading type system org.apache.xmlbeans.metadata.system.sXMLCONFIG
16:44:27.320 [main] TRACE - Loading type system org.apache.xmlbeans.metadata.system.sXMLLANG
16:44:27.321 [main] TRACE - Loading type system org.apache.xmlbeans.metadata.system.sXMLSCHEMA
16:44:27.321 [main] TRACE - Loading type system org.apache.xmlbeans.metadata.system.sXMLTOOLS
16:44:27.323 [main] TRACE - Reading unresolved handles for type system org.apache.xmlbeans.metadata.system.sXMLTOOLS
16:44:27.338 [main] TRACE - Finished loading type system org.apache.xmlbeans.metadata.system.sXMLTOOLS
16:44:27.339 [main] TRACE - Reading unresolved handles for type system org.apache.xmlbeans.metadata.system.sXMLSCHEMA
16:44:27.347 [main] TRACE - Finished loading type system org.apache.xmlbeans.metadata.system.sXMLSCHEMA
16:44:27.349 [main] TRACE - Reading unresolved handles for type system org.apache.xmlbeans.metadata.system.sXMLLANG
16:44:27.350 [main] TRACE - Finished loading type system org.apache.xmlbeans.metadata.system.sXMLLANG
16:44:27.352 [main] TRACE - Reading unresolved handles for type system org.apache.xmlbeans.metadata.system.sXMLCONFIG
16:44:27.353 [main] TRACE - Finished loading type system org.apache.xmlbeans.metadata.system.sXMLCONFIG
16:44:27.355 [main] TRACE - Reading unresolved handles for type system org.apache.poi.schemas.ooxml.system.ooxml
16:44:27.443 [main] TRACE - Finished loading type system org.apache.poi.schemas.ooxml.system.ooxml
16:44:27.453 [main] TRACE - Resolving type for handle themefd26doctype
16:44:27.573 [main] TRACE - Resolving type for handle stylesheet5d8bdoctype
16:44:27.592 [main] TRACE - Resolving type for handle ctstylesheet4257type
16:44:27.597 [main] TRACE - Resolving type for handle ctfonts6623type
16:44:27.601 [main] TRACE - Resolving type for handle ctfont14d8type
16:44:27.610 [main] TRACE - Resolving type for handle ctfills2c6ftype
16:44:27.612 [main] TRACE - Resolving type for handle ctfill550ctype
16:44:27.615 [main] TRACE - Resolving type for handle ctborders0d66type
16:44:27.617 [main] TRACE - Resolving type for handle ctborderf935type
16:44:27.621 [main] TRACE - Resolving type for handle ctcellxfs1322type
16:44:27.625 [main] TRACE - Resolving type for handle ctxf97f7type
16:44:27.629 [main] TRACE - Resolving type for handle ctcellstylexfsa81ftype
16:44:27.631 [main] TRACE - Resolving type for handle ctdxfsb26atype
16:44:27.634 [main] TRACE - Resolving type for handle cttablestyles872ftype
16:44:27.640 [main] TRACE - Resolving type for handle sstf81fdoctype
16:44:27.646 [main] TRACE - Resolving type for handle ctsst44f3type
16:44:27.659 [main] TRACE - Resolving type for handle ctrsta472type
16:44:27.687 [main] DEBUG - using default POIXMLDocumentPart for http://schemas.openxmlformats.org/officeDocument/2006/relationships/printerSettings
16:44:27.689 [main] TRACE - Resolving type for handle workbookec17doctype
16:44:27.697 [main] TRACE - Resolving type for handle ctworkbook83c3type
16:44:27.705 [main] TRACE - Resolving type for handle ctsheets49fdtype
16:44:27.709 [main] TRACE - Resolving type for handle ctsheet4dbetype
16:44:27.712 [main] TRACE - Resolving type for handle strelationshipid1e94type
16:44:27.716 [main] TRACE - Resolving type for handle worksheetf539doctype
16:44:27.724 [main] TRACE - Resolving type for handle ctworksheet530dtype
16:44:27.734 [main] TRACE - Resolving type for handle ctsheetdata8408type
16:44:27.737 [main] TRACE - Resolving type for handle ctrowdd39type
16:44:27.745 [main] TRACE - Resolving type for handle ctcell842btype
16:44:27.753 [main] TRACE - Resolving type for handle stcellrefe4e0type
16:44:27.763 [main] TRACE - Resolving type for handle ctcols627ctype
16:44:27.769 [main] TRACE - Resolving type for handle ctcola95ftype
16:44:27.793 [main] TRACE - Resolving type for handle cthyperlinks6416type
16:44:27.796 [main] TRACE - Resolving type for handle cthyperlink0c85type
16:44:27.810 [main] TRACE - Resolving type for handle stxstringf179type
16:44:27.813 [main] TRACE - Resolving type for handle stcelltypebf95type
16:44:35.621 [main] INFO  - clicked on login
16:44:35.646 [main] DEBUG - Parsing relationship: /xl/_rels/workbook.xml.rels
16:44:35.648 [main] DEBUG - Parsing relationship: /xl/worksheets/_rels/sheet1.xml.rels
16:44:35.658 [main] DEBUG - Parsing relationship: /_rels/.rels
16:44:35.722 [main] DEBUG - using default POIXMLDocumentPart for http://schemas.openxmlformats.org/officeDocument/2006/relationships/printerSettings
16:44:42.729 [main] INFO  - clicked on login
16:44:42.759 [main] DEBUG - Parsing relationship: /xl/_rels/workbook.xml.rels
16:44:42.762 [main] DEBUG - Parsing relationship: /xl/worksheets/_rels/sheet1.xml.rels
16:44:42.765 [main] DEBUG - Parsing relationship: /_rels/.rels
16:44:42.790 [main] DEBUG - using default POIXMLDocumentPart for http://schemas.openxmlformats.org/officeDocument/2006/relationships/printerSettings
16:47:00.242 [main] INFO  - clicked on login
16:47:00.421 [main] DEBUG - Parsing relationship: /xl/_rels/workbook.xml.rels
16:47:00.426 [main] DEBUG - Parsing relationship: /xl/worksheets/_rels/sheet1.xml.rels
16:47:00.429 [main] DEBUG - Parsing relationship: /_rels/.rels
16:47:00.713 [main] TRACE - Loading type system org.apache.poi.schemas.ooxml.system.ooxml
16:47:00.717 [main] TRACE - Loading type system org.apache.xmlbeans.metadata.system.sXMLCONFIG
16:47:00.718 [main] TRACE - Loading type system org.apache.xmlbeans.metadata.system.sXMLLANG
16:47:00.719 [main] TRACE - Loading type system org.apache.xmlbeans.metadata.system.sXMLSCHEMA
16:47:00.720 [main] TRACE - Loading type system org.apache.xmlbeans.metadata.system.sXMLTOOLS
16:47:00.722 [main] TRACE - Reading unresolved handles for type system org.apache.xmlbeans.metadata.system.sXMLTOOLS
16:47:00.742 [main] TRACE - Finished loading type system org.apache.xmlbeans.metadata.system.sXMLTOOLS
16:47:00.744 [main] TRACE - Reading unresolved handles for type system org.apache.xmlbeans.metadata.system.sXMLSCHEMA
16:47:00.752 [main] TRACE - Finished loading type system org.apache.xmlbeans.metadata.system.sXMLSCHEMA
16:47:00.754 [main] TRACE - Reading unresolved handles for type system org.apache.xmlbeans.metadata.system.sXMLLANG
16:47:00.756 [main] TRACE - Finished loading type system org.apache.xmlbeans.metadata.system.sXMLLANG
16:47:00.757 [main] TRACE - Reading unresolved handles for type system org.apache.xmlbeans.metadata.system.sXMLCONFIG
16:47:00.759 [main] TRACE - Finished loading type system org.apache.xmlbeans.metadata.system.sXMLCONFIG
16:47:00.761 [main] TRACE - Reading unresolved handles for type system org.apache.poi.schemas.ooxml.system.ooxml
16:47:00.866 [main] TRACE - Finished loading type system org.apache.poi.schemas.ooxml.system.ooxml
16:47:00.867 [main] TRACE - Resolving type for handle themefd26doctype
16:47:00.948 [main] TRACE - Resolving type for handle stylesheet5d8bdoctype
16:47:00.958 [main] TRACE - Resolving type for handle ctstylesheet4257type
16:47:00.965 [main] TRACE - Resolving type for handle ctfonts6623type
16:47:00.971 [main] TRACE - Resolving type for handle ctfont14d8type
16:47:00.980 [main] TRACE - Resolving type for handle ctfills2c6ftype
16:47:00.984 [main] TRACE - Resolving type for handle ctfill550ctype
16:47:00.987 [main] TRACE - Resolving type for handle ctborders0d66type
16:47:00.991 [main] TRACE - Resolving type for handle ctborderf935type
16:47:00.995 [main] TRACE - Resolving type for handle ctcellxfs1322type
16:47:01.003 [main] TRACE - Resolving type for handle ctxf97f7type
16:47:01.007 [main] TRACE - Resolving type for handle ctcellstylexfsa81ftype
16:47:01.009 [main] TRACE - Resolving type for handle ctdxfsb26atype
16:47:01.013 [main] TRACE - Resolving type for handle cttablestyles872ftype
16:47:01.017 [main] TRACE - Resolving type for handle sstf81fdoctype
16:47:01.024 [main] TRACE - Resolving type for handle ctsst44f3type
16:47:01.037 [main] TRACE - Resolving type for handle ctrsta472type
16:47:01.066 [main] DEBUG - using default POIXMLDocumentPart for http://schemas.openxmlformats.org/officeDocument/2006/relationships/printerSettings
16:47:01.068 [main] TRACE - Resolving type for handle workbookec17doctype
16:47:01.077 [main] TRACE - Resolving type for handle ctworkbook83c3type
16:47:01.085 [main] TRACE - Resolving type for handle ctsheets49fdtype
16:47:01.089 [main] TRACE - Resolving type for handle ctsheet4dbetype
16:47:01.092 [main] TRACE - Resolving type for handle strelationshipid1e94type
16:47:01.096 [main] TRACE - Resolving type for handle worksheetf539doctype
16:47:01.116 [main] TRACE - Resolving type for handle ctworksheet530dtype
16:47:01.126 [main] TRACE - Resolving type for handle ctsheetdata8408type
16:47:01.130 [main] TRACE - Resolving type for handle ctrowdd39type
16:47:01.138 [main] TRACE - Resolving type for handle ctcell842btype
16:47:01.148 [main] TRACE - Resolving type for handle stcellrefe4e0type
16:47:01.168 [main] TRACE - Resolving type for handle ctcols627ctype
16:47:01.176 [main] TRACE - Resolving type for handle ctcola95ftype
16:47:01.215 [main] TRACE - Resolving type for handle cthyperlinks6416type
16:47:01.219 [main] TRACE - Resolving type for handle cthyperlink0c85type
16:47:01.230 [main] TRACE - Resolving type for handle stxstringf179type
16:47:01.234 [main] TRACE - Resolving type for handle stcelltypebf95type
16:47:19.364 [main] INFO  - clicked on login
16:47:19.403 [main] DEBUG - Parsing relationship: /xl/_rels/workbook.xml.rels
16:47:19.406 [main] DEBUG - Parsing relationship: /xl/worksheets/_rels/sheet1.xml.rels
16:47:19.409 [main] DEBUG - Parsing relationship: /_rels/.rels
16:47:19.460 [main] DEBUG - using default POIXMLDocumentPart for http://schemas.openxmlformats.org/officeDocument/2006/relationships/printerSettings
16:47:36.235 [main] INFO  - clicked on login
16:47:36.267 [main] DEBUG - Parsing relationship: /xl/_rels/workbook.xml.rels
16:47:36.270 [main] DEBUG - Parsing relationship: /xl/worksheets/_rels/sheet1.xml.rels
16:47:36.272 [main] DEBUG - Parsing relationship: /_rels/.rels
16:47:36.305 [main] DEBUG - using default POIXMLDocumentPart for http://schemas.openxmlformats.org/officeDocument/2006/relationships/printerSettings
17:00:07.872 [main] INFO  - clicked on login
17:00:08.069 [main] DEBUG - Parsing relationship: /xl/_rels/workbook.xml.rels
17:00:08.074 [main] DEBUG - Parsing relationship: /xl/worksheets/_rels/sheet1.xml.rels
17:00:08.078 [main] DEBUG - Parsing relationship: /_rels/.rels
17:00:08.314 [main] TRACE - Loading type system org.apache.poi.schemas.ooxml.system.ooxml
17:00:08.318 [main] TRACE - Loading type system org.apache.xmlbeans.metadata.system.sXMLCONFIG
17:00:08.318 [main] TRACE - Loading type system org.apache.xmlbeans.metadata.system.sXMLLANG
17:00:08.319 [main] TRACE - Loading type system org.apache.xmlbeans.metadata.system.sXMLSCHEMA
17:00:08.320 [main] TRACE - Loading type system org.apache.xmlbeans.metadata.system.sXMLTOOLS
17:00:08.322 [main] TRACE - Reading unresolved handles for type system org.apache.xmlbeans.metadata.system.sXMLTOOLS
17:00:08.337 [main] TRACE - Finished loading type system org.apache.xmlbeans.metadata.system.sXMLTOOLS
17:00:08.338 [main] TRACE - Reading unresolved handles for type system org.apache.xmlbeans.metadata.system.sXMLSCHEMA
17:00:08.347 [main] TRACE - Finished loading type system org.apache.xmlbeans.metadata.system.sXMLSCHEMA
17:00:08.348 [main] TRACE - Reading unresolved handles for type system org.apache.xmlbeans.metadata.system.sXMLLANG
17:00:08.350 [main] TRACE - Finished loading type system org.apache.xmlbeans.metadata.system.sXMLLANG
17:00:08.351 [main] TRACE - Reading unresolved handles for type system org.apache.xmlbeans.metadata.system.sXMLCONFIG
17:00:08.353 [main] TRACE - Finished loading type system org.apache.xmlbeans.metadata.system.sXMLCONFIG
17:00:08.354 [main] TRACE - Reading unresolved handles for type system org.apache.poi.schemas.ooxml.system.ooxml
17:00:08.450 [main] TRACE - Finished loading type system org.apache.poi.schemas.ooxml.system.ooxml
17:00:08.451 [main] TRACE - Resolving type for handle themefd26doctype
17:00:08.553 [main] TRACE - Resolving type for handle stylesheet5d8bdoctype
17:00:08.562 [main] TRACE - Resolving type for handle ctstylesheet4257type
17:00:08.570 [main] TRACE - Resolving type for handle ctfonts6623type
17:00:08.574 [main] TRACE - Resolving type for handle ctfont14d8type
17:00:08.583 [main] TRACE - Resolving type for handle ctfills2c6ftype
17:00:08.586 [main] TRACE - Resolving type for handle ctfill550ctype
17:00:08.589 [main] TRACE - Resolving type for handle ctborders0d66type
17:00:08.593 [main] TRACE - Resolving type for handle ctborderf935type
17:00:08.598 [main] TRACE - Resolving type for handle ctcellxfs1322type
17:00:08.602 [main] TRACE - Resolving type for handle ctxf97f7type
17:00:08.607 [main] TRACE - Resolving type for handle ctcellstylexfsa81ftype
17:00:08.610 [main] TRACE - Resolving type for handle ctdxfsb26atype
17:00:08.614 [main] TRACE - Resolving type for handle cttablestyles872ftype
17:00:08.619 [main] TRACE - Resolving type for handle sstf81fdoctype
17:00:08.626 [main] TRACE - Resolving type for handle ctsst44f3type
17:00:08.639 [main] TRACE - Resolving type for handle ctrsta472type
17:00:08.670 [main] DEBUG - using default POIXMLDocumentPart for http://schemas.openxmlformats.org/officeDocument/2006/relationships/printerSettings
17:00:08.676 [main] TRACE - Resolving type for handle workbookec17doctype
17:00:08.701 [main] TRACE - Resolving type for handle ctworkbook83c3type
17:00:08.709 [main] TRACE - Resolving type for handle ctsheets49fdtype
17:00:08.713 [main] TRACE - Resolving type for handle ctsheet4dbetype
17:00:08.716 [main] TRACE - Resolving type for handle strelationshipid1e94type
17:00:08.719 [main] TRACE - Resolving type for handle worksheetf539doctype
17:00:08.736 [main] TRACE - Resolving type for handle ctworksheet530dtype
17:00:08.750 [main] TRACE - Resolving type for handle ctsheetdata8408type
17:00:08.754 [main] TRACE - Resolving type for handle ctrowdd39type
17:00:08.762 [main] TRACE - Resolving type for handle ctcell842btype
17:00:08.773 [main] TRACE - Resolving type for handle stcellrefe4e0type
17:00:08.787 [main] TRACE - Resolving type for handle ctcols627ctype
17:00:08.795 [main] TRACE - Resolving type for handle ctcola95ftype
17:00:08.823 [main] TRACE - Resolving type for handle cthyperlinks6416type
17:00:08.827 [main] TRACE - Resolving type for handle cthyperlink0c85type
17:00:08.837 [main] TRACE - Resolving type for handle stxstringf179type
17:00:08.840 [main] TRACE - Resolving type for handle stcelltypebf95type
17:00:15.894 [main] INFO  - clicked on login
17:00:15.923 [main] DEBUG - Parsing relationship: /xl/_rels/workbook.xml.rels
17:00:15.925 [main] DEBUG - Parsing relationship: /xl/worksheets/_rels/sheet1.xml.rels
17:00:15.934 [main] DEBUG - Parsing relationship: /_rels/.rels
17:00:15.980 [main] DEBUG - using default POIXMLDocumentPart for http://schemas.openxmlformats.org/officeDocument/2006/relationships/printerSettings
17:00:23.446 [main] INFO  - clicked on login
17:00:23.470 [main] DEBUG - Parsing relationship: /xl/_rels/workbook.xml.rels
17:00:23.475 [main] DEBUG - Parsing relationship: /xl/worksheets/_rels/sheet1.xml.rels
17:00:23.479 [main] DEBUG - Parsing relationship: /_rels/.rels
17:00:23.530 [main] DEBUG - using default POIXMLDocumentPart for http://schemas.openxmlformats.org/officeDocument/2006/relationships/printerSettings
17:00:31.761 [main] INFO  - clicked on login
17:00:31.778 [main] DEBUG - Parsing relationship: /xl/_rels/workbook.xml.rels
17:00:31.787 [main] DEBUG - Parsing relationship: /xl/worksheets/_rels/sheet1.xml.rels
17:00:31.795 [main] DEBUG - Parsing relationship: /_rels/.rels
17:00:31.822 [main] DEBUG - using default POIXMLDocumentPart for http://schemas.openxmlformats.org/officeDocument/2006/relationships/printerSettings
17:00:40.049 [main] INFO  - clicked on login
17:00:40.082 [main] DEBUG - Parsing relationship: /xl/_rels/workbook.xml.rels
17:00:40.084 [main] DEBUG - Parsing relationship: /xl/worksheets/_rels/sheet1.xml.rels
17:00:40.086 [main] DEBUG - Parsing relationship: /_rels/.rels
17:00:40.133 [main] DEBUG - using default POIXMLDocumentPart for http://schemas.openxmlformats.org/officeDocument/2006/relationships/printerSettings
17:03:28.001 [main] INFO  - clicked on login
17:03:28.245 [main] DEBUG - Parsing relationship: /xl/_rels/workbook.xml.rels
17:03:28.255 [main] DEBUG - Parsing relationship: /xl/worksheets/_rels/sheet1.xml.rels
17:03:28.260 [main] DEBUG - Parsing relationship: /_rels/.rels
17:03:28.513 [main] TRACE - Loading type system org.apache.poi.schemas.ooxml.system.ooxml
17:03:28.517 [main] TRACE - Loading type system org.apache.xmlbeans.metadata.system.sXMLCONFIG
17:03:28.518 [main] TRACE - Loading type system org.apache.xmlbeans.metadata.system.sXMLLANG
17:03:28.519 [main] TRACE - Loading type system org.apache.xmlbeans.metadata.system.sXMLSCHEMA
17:03:28.520 [main] TRACE - Loading type system org.apache.xmlbeans.metadata.system.sXMLTOOLS
17:03:28.522 [main] TRACE - Reading unresolved handles for type system org.apache.xmlbeans.metadata.system.sXMLTOOLS
17:03:28.538 [main] TRACE - Finished loading type system org.apache.xmlbeans.metadata.system.sXMLTOOLS
17:03:28.539 [main] TRACE - Reading unresolved handles for type system org.apache.xmlbeans.metadata.system.sXMLSCHEMA
17:03:28.557 [main] TRACE - Finished loading type system org.apache.xmlbeans.metadata.system.sXMLSCHEMA
17:03:28.559 [main] TRACE - Reading unresolved handles for type system org.apache.xmlbeans.metadata.system.sXMLLANG
17:03:28.560 [main] TRACE - Finished loading type system org.apache.xmlbeans.metadata.system.sXMLLANG
17:03:28.562 [main] TRACE - Reading unresolved handles for type system org.apache.xmlbeans.metadata.system.sXMLCONFIG
17:03:28.563 [main] TRACE - Finished loading type system org.apache.xmlbeans.metadata.system.sXMLCONFIG
17:03:28.565 [main] TRACE - Reading unresolved handles for type system org.apache.poi.schemas.ooxml.system.ooxml
17:03:28.664 [main] TRACE - Finished loading type system org.apache.poi.schemas.ooxml.system.ooxml
17:03:28.665 [main] TRACE - Resolving type for handle themefd26doctype
17:03:28.751 [main] TRACE - Resolving type for handle stylesheet5d8bdoctype
17:03:28.764 [main] TRACE - Resolving type for handle ctstylesheet4257type
17:03:28.772 [main] TRACE - Resolving type for handle ctfonts6623type
17:03:28.776 [main] TRACE - Resolving type for handle ctfont14d8type
17:03:28.786 [main] TRACE - Resolving type for handle ctfills2c6ftype
17:03:28.789 [main] TRACE - Resolving type for handle ctfill550ctype
17:03:28.793 [main] TRACE - Resolving type for handle ctborders0d66type
17:03:28.797 [main] TRACE - Resolving type for handle ctborderf935type
17:03:28.801 [main] TRACE - Resolving type for handle ctcellxfs1322type
17:03:28.804 [main] TRACE - Resolving type for handle ctxf97f7type
17:03:28.807 [main] TRACE - Resolving type for handle ctcellstylexfsa81ftype
17:03:28.809 [main] TRACE - Resolving type for handle ctdxfsb26atype
17:03:28.812 [main] TRACE - Resolving type for handle cttablestyles872ftype
17:03:28.816 [main] TRACE - Resolving type for handle sstf81fdoctype
17:03:28.825 [main] TRACE - Resolving type for handle ctsst44f3type
17:03:28.839 [main] TRACE - Resolving type for handle ctrsta472type
17:03:28.867 [main] DEBUG - using default POIXMLDocumentPart for http://schemas.openxmlformats.org/officeDocument/2006/relationships/printerSettings
17:03:28.869 [main] TRACE - Resolving type for handle workbookec17doctype
17:03:28.886 [main] TRACE - Resolving type for handle ctworkbook83c3type
17:03:28.893 [main] TRACE - Resolving type for handle ctsheets49fdtype
17:03:28.897 [main] TRACE - Resolving type for handle ctsheet4dbetype
17:03:28.900 [main] TRACE - Resolving type for handle strelationshipid1e94type
17:03:28.903 [main] TRACE - Resolving type for handle worksheetf539doctype
17:03:28.913 [main] TRACE - Resolving type for handle ctworksheet530dtype
17:03:28.923 [main] TRACE - Resolving type for handle ctsheetdata8408type
17:03:28.926 [main] TRACE - Resolving type for handle ctrowdd39type
17:03:28.933 [main] TRACE - Resolving type for handle ctcell842btype
17:03:28.943 [main] TRACE - Resolving type for handle stcellrefe4e0type
17:03:28.956 [main] TRACE - Resolving type for handle ctcols627ctype
17:03:28.963 [main] TRACE - Resolving type for handle ctcola95ftype
17:03:28.991 [main] TRACE - Resolving type for handle cthyperlinks6416type
17:03:28.994 [main] TRACE - Resolving type for handle cthyperlink0c85type
17:03:29.003 [main] TRACE - Resolving type for handle stxstringf179type
17:03:29.006 [main] TRACE - Resolving type for handle stcelltypebf95type
17:03:37.535 [main] INFO  - clicked on login
17:03:37.579 [main] DEBUG - Parsing relationship: /xl/_rels/workbook.xml.rels
17:03:37.581 [main] DEBUG - Parsing relationship: /xl/worksheets/_rels/sheet1.xml.rels
17:03:37.584 [main] DEBUG - Parsing relationship: /_rels/.rels
17:03:37.649 [main] DEBUG - using default POIXMLDocumentPart for http://schemas.openxmlformats.org/officeDocument/2006/relationships/printerSettings
17:03:54.945 [main] INFO  - clicked on login
17:03:54.964 [main] DEBUG - Parsing relationship: /xl/_rels/workbook.xml.rels
17:03:54.971 [main] DEBUG - Parsing relationship: /xl/worksheets/_rels/sheet1.xml.rels
17:03:54.974 [main] DEBUG - Parsing relationship: /_rels/.rels
17:03:55.009 [main] DEBUG - using default POIXMLDocumentPart for http://schemas.openxmlformats.org/officeDocument/2006/relationships/printerSettings
17:04:12.598 [main] INFO  - clicked on login
17:04:12.619 [main] DEBUG - Parsing relationship: /xl/_rels/workbook.xml.rels
17:04:12.620 [main] DEBUG - Parsing relationship: /xl/worksheets/_rels/sheet1.xml.rels
17:04:12.622 [main] DEBUG - Parsing relationship: /_rels/.rels
17:04:12.667 [main] DEBUG - using default POIXMLDocumentPart for http://schemas.openxmlformats.org/officeDocument/2006/relationships/printerSettings
17:04:30.032 [main] INFO  - clicked on login
17:04:30.051 [main] DEBUG - Parsing relationship: /xl/_rels/workbook.xml.rels
17:04:30.066 [main] DEBUG - Parsing relationship: /xl/worksheets/_rels/sheet1.xml.rels
17:04:30.068 [main] DEBUG - Parsing relationship: /_rels/.rels
17:04:30.098 [main] DEBUG - using default POIXMLDocumentPart for http://schemas.openxmlformats.org/officeDocument/2006/relationships/printerSettings
17:08:12.347 [main] INFO  - clicked on login
17:08:12.552 [main] DEBUG - Parsing relationship: /xl/_rels/workbook.xml.rels
17:08:12.556 [main] DEBUG - Parsing relationship: /xl/worksheets/_rels/sheet1.xml.rels
17:08:12.560 [main] DEBUG - Parsing relationship: /_rels/.rels
17:08:12.795 [main] TRACE - Loading type system org.apache.poi.schemas.ooxml.system.ooxml
17:08:12.798 [main] TRACE - Loading type system org.apache.xmlbeans.metadata.system.sXMLCONFIG
17:08:12.799 [main] TRACE - Loading type system org.apache.xmlbeans.metadata.system.sXMLLANG
17:08:12.799 [main] TRACE - Loading type system org.apache.xmlbeans.metadata.system.sXMLSCHEMA
17:08:12.800 [main] TRACE - Loading type system org.apache.xmlbeans.metadata.system.sXMLTOOLS
17:08:12.801 [main] TRACE - Reading unresolved handles for type system org.apache.xmlbeans.metadata.system.sXMLTOOLS
17:08:12.819 [main] TRACE - Finished loading type system org.apache.xmlbeans.metadata.system.sXMLTOOLS
17:08:12.821 [main] TRACE - Reading unresolved handles for type system org.apache.xmlbeans.metadata.system.sXMLSCHEMA
17:08:12.832 [main] TRACE - Finished loading type system org.apache.xmlbeans.metadata.system.sXMLSCHEMA
17:08:12.834 [main] TRACE - Reading unresolved handles for type system org.apache.xmlbeans.metadata.system.sXMLLANG
17:08:12.835 [main] TRACE - Finished loading type system org.apache.xmlbeans.metadata.system.sXMLLANG
17:08:12.837 [main] TRACE - Reading unresolved handles for type system org.apache.xmlbeans.metadata.system.sXMLCONFIG
17:08:12.838 [main] TRACE - Finished loading type system org.apache.xmlbeans.metadata.system.sXMLCONFIG
17:08:12.840 [main] TRACE - Reading unresolved handles for type system org.apache.poi.schemas.ooxml.system.ooxml
17:08:12.940 [main] TRACE - Finished loading type system org.apache.poi.schemas.ooxml.system.ooxml
17:08:12.941 [main] TRACE - Resolving type for handle themefd26doctype
17:08:13.033 [main] TRACE - Resolving type for handle stylesheet5d8bdoctype
17:08:13.043 [main] TRACE - Resolving type for handle ctstylesheet4257type
17:08:13.049 [main] TRACE - Resolving type for handle ctfonts6623type
17:08:13.058 [main] TRACE - Resolving type for handle ctfont14d8type
17:08:13.068 [main] TRACE - Resolving type for handle ctfills2c6ftype
17:08:13.071 [main] TRACE - Resolving type for handle ctfill550ctype
17:08:13.074 [main] TRACE - Resolving type for handle ctborders0d66type
17:08:13.077 [main] TRACE - Resolving type for handle ctborderf935type
17:08:13.082 [main] TRACE - Resolving type for handle ctcellxfs1322type
17:08:13.085 [main] TRACE - Resolving type for handle ctxf97f7type
17:08:13.089 [main] TRACE - Resolving type for handle ctcellstylexfsa81ftype
17:08:13.092 [main] TRACE - Resolving type for handle ctdxfsb26atype
17:08:13.096 [main] TRACE - Resolving type for handle cttablestyles872ftype
17:08:13.101 [main] TRACE - Resolving type for handle sstf81fdoctype
17:08:13.108 [main] TRACE - Resolving type for handle ctsst44f3type
17:08:13.121 [main] TRACE - Resolving type for handle ctrsta472type
17:08:13.153 [main] DEBUG - using default POIXMLDocumentPart for http://schemas.openxmlformats.org/officeDocument/2006/relationships/printerSettings
17:08:13.155 [main] TRACE - Resolving type for handle workbookec17doctype
17:08:13.162 [main] TRACE - Resolving type for handle ctworkbook83c3type
17:08:13.171 [main] TRACE - Resolving type for handle ctsheets49fdtype
17:08:13.175 [main] TRACE - Resolving type for handle ctsheet4dbetype
17:08:13.178 [main] TRACE - Resolving type for handle strelationshipid1e94type
17:08:13.182 [main] TRACE - Resolving type for handle worksheetf539doctype
17:08:13.190 [main] TRACE - Resolving type for handle ctworksheet530dtype
17:08:13.200 [main] TRACE - Resolving type for handle ctsheetdata8408type
17:08:13.204 [main] TRACE - Resolving type for handle ctrowdd39type
17:08:13.211 [main] TRACE - Resolving type for handle ctcell842btype
17:08:13.222 [main] TRACE - Resolving type for handle stcellrefe4e0type
17:08:13.236 [main] TRACE - Resolving type for handle ctcols627ctype
17:08:13.243 [main] TRACE - Resolving type for handle ctcola95ftype
17:08:13.271 [main] TRACE - Resolving type for handle cthyperlinks6416type
17:08:13.275 [main] TRACE - Resolving type for handle cthyperlink0c85type
17:08:13.285 [main] TRACE - Resolving type for handle stxstringf179type
17:08:13.288 [main] TRACE - Resolving type for handle stcelltypebf95type
17:08:20.070 [main] INFO  - clicked on login
17:08:20.102 [main] DEBUG - Parsing relationship: /xl/_rels/workbook.xml.rels
17:08:20.105 [main] DEBUG - Parsing relationship: /xl/worksheets/_rels/sheet1.xml.rels
17:08:20.108 [main] DEBUG - Parsing relationship: /_rels/.rels
17:08:20.177 [main] DEBUG - using default POIXMLDocumentPart for http://schemas.openxmlformats.org/officeDocument/2006/relationships/printerSettings
17:08:27.019 [main] INFO  - clicked on login
17:08:27.039 [main] DEBUG - Parsing relationship: /xl/_rels/workbook.xml.rels
17:08:27.046 [main] DEBUG - Parsing relationship: /xl/worksheets/_rels/sheet1.xml.rels
17:08:27.050 [main] DEBUG - Parsing relationship: /_rels/.rels
17:08:27.103 [main] DEBUG - using default POIXMLDocumentPart for http://schemas.openxmlformats.org/officeDocument/2006/relationships/printerSettings
17:08:34.587 [main] INFO  - clicked on login
17:08:34.604 [main] DEBUG - Parsing relationship: /xl/_rels/workbook.xml.rels
17:08:34.605 [main] DEBUG - Parsing relationship: /xl/worksheets/_rels/sheet1.xml.rels
17:08:34.608 [main] DEBUG - Parsing relationship: /_rels/.rels
17:08:34.637 [main] DEBUG - using default POIXMLDocumentPart for http://schemas.openxmlformats.org/officeDocument/2006/relationships/printerSettings
17:08:41.917 [main] INFO  - clicked on login
17:08:41.934 [main] DEBUG - Parsing relationship: /xl/_rels/workbook.xml.rels
17:08:41.936 [main] DEBUG - Parsing relationship: /xl/worksheets/_rels/sheet1.xml.rels
17:08:41.938 [main] DEBUG - Parsing relationship: /_rels/.rels
17:08:41.976 [main] DEBUG - using default POIXMLDocumentPart for http://schemas.openxmlformats.org/officeDocument/2006/relationships/printerSettings
17:09:43.444 [main] INFO  - clicked on login
17:09:43.640 [main] DEBUG - Parsing relationship: /xl/_rels/workbook.xml.rels
17:09:43.645 [main] DEBUG - Parsing relationship: /xl/worksheets/_rels/sheet1.xml.rels
17:09:43.654 [main] DEBUG - Parsing relationship: /_rels/.rels
17:09:43.913 [main] TRACE - Loading type system org.apache.poi.schemas.ooxml.system.ooxml
17:09:43.916 [main] TRACE - Loading type system org.apache.xmlbeans.metadata.system.sXMLCONFIG
17:09:43.917 [main] TRACE - Loading type system org.apache.xmlbeans.metadata.system.sXMLLANG
17:09:43.917 [main] TRACE - Loading type system org.apache.xmlbeans.metadata.system.sXMLSCHEMA
17:09:43.918 [main] TRACE - Loading type system org.apache.xmlbeans.metadata.system.sXMLTOOLS
17:09:43.920 [main] TRACE - Reading unresolved handles for type system org.apache.xmlbeans.metadata.system.sXMLTOOLS
17:09:43.937 [main] TRACE - Finished loading type system org.apache.xmlbeans.metadata.system.sXMLTOOLS
17:09:43.938 [main] TRACE - Reading unresolved handles for type system org.apache.xmlbeans.metadata.system.sXMLSCHEMA
17:09:43.947 [main] TRACE - Finished loading type system org.apache.xmlbeans.metadata.system.sXMLSCHEMA
17:09:43.949 [main] TRACE - Reading unresolved handles for type system org.apache.xmlbeans.metadata.system.sXMLLANG
17:09:43.950 [main] TRACE - Finished loading type system org.apache.xmlbeans.metadata.system.sXMLLANG
17:09:43.953 [main] TRACE - Reading unresolved handles for type system org.apache.xmlbeans.metadata.system.sXMLCONFIG
17:09:43.954 [main] TRACE - Finished loading type system org.apache.xmlbeans.metadata.system.sXMLCONFIG
17:09:43.956 [main] TRACE - Reading unresolved handles for type system org.apache.poi.schemas.ooxml.system.ooxml
17:09:44.035 [main] TRACE - Finished loading type system org.apache.poi.schemas.ooxml.system.ooxml
17:09:44.035 [main] TRACE - Resolving type for handle themefd26doctype
17:09:44.107 [main] TRACE - Resolving type for handle stylesheet5d8bdoctype
17:09:44.114 [main] TRACE - Resolving type for handle ctstylesheet4257type
17:09:44.120 [main] TRACE - Resolving type for handle ctfonts6623type
17:09:44.125 [main] TRACE - Resolving type for handle ctfont14d8type
17:09:44.134 [main] TRACE - Resolving type for handle ctfills2c6ftype
17:09:44.136 [main] TRACE - Resolving type for handle ctfill550ctype
17:09:44.139 [main] TRACE - Resolving type for handle ctborders0d66type
17:09:44.142 [main] TRACE - Resolving type for handle ctborderf935type
17:09:44.147 [main] TRACE - Resolving type for handle ctcellxfs1322type
17:09:44.149 [main] TRACE - Resolving type for handle ctxf97f7type
17:09:44.152 [main] TRACE - Resolving type for handle ctcellstylexfsa81ftype
17:09:44.155 [main] TRACE - Resolving type for handle ctdxfsb26atype
17:09:44.158 [main] TRACE - Resolving type for handle cttablestyles872ftype
17:09:44.163 [main] TRACE - Resolving type for handle sstf81fdoctype
17:09:44.169 [main] TRACE - Resolving type for handle ctsst44f3type
17:09:44.183 [main] TRACE - Resolving type for handle ctrsta472type
17:09:44.207 [main] DEBUG - using default POIXMLDocumentPart for http://schemas.openxmlformats.org/officeDocument/2006/relationships/printerSettings
17:09:44.208 [main] TRACE - Resolving type for handle workbookec17doctype
17:09:44.215 [main] TRACE - Resolving type for handle ctworkbook83c3type
17:09:44.222 [main] TRACE - Resolving type for handle ctsheets49fdtype
17:09:44.226 [main] TRACE - Resolving type for handle ctsheet4dbetype
17:09:44.229 [main] TRACE - Resolving type for handle strelationshipid1e94type
17:09:44.232 [main] TRACE - Resolving type for handle worksheetf539doctype
17:09:44.241 [main] TRACE - Resolving type for handle ctworksheet530dtype
17:09:44.250 [main] TRACE - Resolving type for handle ctsheetdata8408type
17:09:44.253 [main] TRACE - Resolving type for handle ctrowdd39type
17:09:44.259 [main] TRACE - Resolving type for handle ctcell842btype
17:09:44.266 [main] TRACE - Resolving type for handle stcellrefe4e0type
17:09:44.274 [main] TRACE - Resolving type for handle ctcols627ctype
17:09:44.279 [main] TRACE - Resolving type for handle ctcola95ftype
17:09:44.303 [main] TRACE - Resolving type for handle cthyperlinks6416type
17:09:44.306 [main] TRACE - Resolving type for handle cthyperlink0c85type
17:09:44.312 [main] TRACE - Resolving type for handle stxstringf179type
17:09:44.314 [main] TRACE - Resolving type for handle stcelltypebf95type
17:09:52.327 [main] INFO  - clicked on login
17:09:52.367 [main] DEBUG - Parsing relationship: /xl/_rels/workbook.xml.rels
17:09:52.369 [main] DEBUG - Parsing relationship: /xl/worksheets/_rels/sheet1.xml.rels
17:09:52.372 [main] DEBUG - Parsing relationship: /_rels/.rels
17:09:52.411 [main] DEBUG - using default POIXMLDocumentPart for http://schemas.openxmlformats.org/officeDocument/2006/relationships/printerSettings
17:10:09.747 [main] INFO  - clicked on login
17:10:09.761 [main] DEBUG - Parsing relationship: /xl/_rels/workbook.xml.rels
17:10:09.763 [main] DEBUG - Parsing relationship: /xl/worksheets/_rels/sheet1.xml.rels
17:10:09.771 [main] DEBUG - Parsing relationship: /_rels/.rels
17:10:09.803 [main] DEBUG - using default POIXMLDocumentPart for http://schemas.openxmlformats.org/officeDocument/2006/relationships/printerSettings
17:10:26.973 [main] INFO  - clicked on login
17:10:27.012 [main] DEBUG - Parsing relationship: /xl/_rels/workbook.xml.rels
17:10:27.013 [main] DEBUG - Parsing relationship: /xl/worksheets/_rels/sheet1.xml.rels
17:10:27.021 [main] DEBUG - Parsing relationship: /_rels/.rels
17:10:27.066 [main] DEBUG - using default POIXMLDocumentPart for http://schemas.openxmlformats.org/officeDocument/2006/relationships/printerSettings
17:10:44.400 [main] INFO  - clicked on login
17:10:44.418 [main] DEBUG - Parsing relationship: /xl/_rels/workbook.xml.rels
17:10:44.420 [main] DEBUG - Parsing relationship: /xl/worksheets/_rels/sheet1.xml.rels
17:10:44.422 [main] DEBUG - Parsing relationship: /_rels/.rels
17:10:44.447 [main] DEBUG - using default POIXMLDocumentPart for http://schemas.openxmlformats.org/officeDocument/2006/relationships/printerSettings
18:49:56.283 [main] INFO  - clicked on login
18:49:56.576 [main] DEBUG - Parsing relationship: /xl/_rels/workbook.xml.rels
18:49:56.580 [main] DEBUG - Parsing relationship: /xl/worksheets/_rels/sheet1.xml.rels
18:49:56.583 [main] DEBUG - Parsing relationship: /_rels/.rels
18:49:57.086 [main] TRACE - Loading type system org.apache.poi.schemas.ooxml.system.ooxml
18:49:57.092 [main] TRACE - Loading type system org.apache.xmlbeans.metadata.system.sXMLCONFIG
18:49:57.093 [main] TRACE - Loading type system org.apache.xmlbeans.metadata.system.sXMLLANG
18:49:57.094 [main] TRACE - Loading type system org.apache.xmlbeans.metadata.system.sXMLSCHEMA
18:49:57.095 [main] TRACE - Loading type system org.apache.xmlbeans.metadata.system.sXMLTOOLS
18:49:57.099 [main] TRACE - Reading unresolved handles for type system org.apache.xmlbeans.metadata.system.sXMLTOOLS
18:49:57.119 [main] TRACE - Finished loading type system org.apache.xmlbeans.metadata.system.sXMLTOOLS
18:49:57.122 [main] TRACE - Reading unresolved handles for type system org.apache.xmlbeans.metadata.system.sXMLSCHEMA
18:49:57.133 [main] TRACE - Finished loading type system org.apache.xmlbeans.metadata.system.sXMLSCHEMA
18:49:57.134 [main] TRACE - Reading unresolved handles for type system org.apache.xmlbeans.metadata.system.sXMLLANG
18:49:57.136 [main] TRACE - Finished loading type system org.apache.xmlbeans.metadata.system.sXMLLANG
18:49:57.138 [main] TRACE - Reading unresolved handles for type system org.apache.xmlbeans.metadata.system.sXMLCONFIG
18:49:57.139 [main] TRACE - Finished loading type system org.apache.xmlbeans.metadata.system.sXMLCONFIG
18:49:57.141 [main] TRACE - Reading unresolved handles for type system org.apache.poi.schemas.ooxml.system.ooxml
18:49:57.260 [main] TRACE - Finished loading type system org.apache.poi.schemas.ooxml.system.ooxml
18:49:57.261 [main] TRACE - Resolving type for handle themefd26doctype
18:49:57.389 [main] TRACE - Resolving type for handle stylesheet5d8bdoctype
18:49:57.400 [main] TRACE - Resolving type for handle ctstylesheet4257type
18:49:57.408 [main] TRACE - Resolving type for handle ctfonts6623type
18:49:57.414 [main] TRACE - Resolving type for handle ctfont14d8type
18:49:57.425 [main] TRACE - Resolving type for handle ctfills2c6ftype
18:49:57.427 [main] TRACE - Resolving type for handle ctfill550ctype
18:49:57.430 [main] TRACE - Resolving type for handle ctborders0d66type
18:49:57.434 [main] TRACE - Resolving type for handle ctborderf935type
18:49:57.440 [main] TRACE - Resolving type for handle ctcellxfs1322type
18:49:57.444 [main] TRACE - Resolving type for handle ctxf97f7type
18:49:57.450 [main] TRACE - Resolving type for handle ctcellstylexfsa81ftype
18:49:57.454 [main] TRACE - Resolving type for handle ctdxfsb26atype
18:49:57.459 [main] TRACE - Resolving type for handle cttablestyles872ftype
18:49:57.464 [main] TRACE - Resolving type for handle sstf81fdoctype
18:49:57.472 [main] TRACE - Resolving type for handle ctsst44f3type
18:49:57.490 [main] TRACE - Resolving type for handle ctrsta472type
18:49:57.525 [main] DEBUG - using default POIXMLDocumentPart for http://schemas.openxmlformats.org/officeDocument/2006/relationships/printerSettings
18:49:57.527 [main] TRACE - Resolving type for handle workbookec17doctype
18:49:57.535 [main] TRACE - Resolving type for handle ctworkbook83c3type
18:49:57.543 [main] TRACE - Resolving type for handle ctsheets49fdtype
18:49:57.547 [main] TRACE - Resolving type for handle ctsheet4dbetype
18:49:57.558 [main] TRACE - Resolving type for handle strelationshipid1e94type
18:49:57.562 [main] TRACE - Resolving type for handle worksheetf539doctype
18:49:57.583 [main] TRACE - Resolving type for handle ctworksheet530dtype
18:49:57.596 [main] TRACE - Resolving type for handle ctsheetdata8408type
18:49:57.602 [main] TRACE - Resolving type for handle ctrowdd39type
18:49:57.612 [main] TRACE - Resolving type for handle ctcell842btype
18:49:57.626 [main] TRACE - Resolving type for handle stcellrefe4e0type
18:49:57.647 [main] TRACE - Resolving type for handle ctcols627ctype
18:49:57.657 [main] TRACE - Resolving type for handle ctcola95ftype
18:49:57.735 [main] TRACE - Resolving type for handle cthyperlinks6416type
18:49:57.739 [main] TRACE - Resolving type for handle cthyperlink0c85type
18:49:57.754 [main] TRACE - Resolving type for handle stxstringf179type
18:49:57.758 [main] TRACE - Resolving type for handle stcelltypebf95type
18:50:07.243 [main] INFO  - clicked on login
18:50:07.262 [main] DEBUG - Parsing relationship: /xl/_rels/workbook.xml.rels
18:50:07.265 [main] DEBUG - Parsing relationship: /xl/worksheets/_rels/sheet1.xml.rels
18:50:07.268 [main] DEBUG - Parsing relationship: /_rels/.rels
18:50:07.335 [main] DEBUG - using default POIXMLDocumentPart for http://schemas.openxmlformats.org/officeDocument/2006/relationships/printerSettings
18:50:25.277 [main] INFO  - clicked on login
18:50:25.302 [main] DEBUG - Parsing relationship: /xl/_rels/workbook.xml.rels
18:50:25.304 [main] DEBUG - Parsing relationship: /xl/worksheets/_rels/sheet1.xml.rels
18:50:25.306 [main] DEBUG - Parsing relationship: /_rels/.rels
18:50:25.350 [main] DEBUG - using default POIXMLDocumentPart for http://schemas.openxmlformats.org/officeDocument/2006/relationships/printerSettings
18:50:42.854 [main] INFO  - clicked on login
18:50:42.872 [main] DEBUG - Parsing relationship: /xl/_rels/workbook.xml.rels
18:50:42.875 [main] DEBUG - Parsing relationship: /xl/worksheets/_rels/sheet1.xml.rels
18:50:42.877 [main] DEBUG - Parsing relationship: /_rels/.rels
18:50:42.909 [main] DEBUG - using default POIXMLDocumentPart for http://schemas.openxmlformats.org/officeDocument/2006/relationships/printerSettings
18:51:00.755 [main] INFO  - clicked on login
18:51:00.777 [main] DEBUG - Parsing relationship: /xl/_rels/workbook.xml.rels
18:51:00.785 [main] DEBUG - Parsing relationship: /xl/worksheets/_rels/sheet1.xml.rels
18:51:00.791 [main] DEBUG - Parsing relationship: /_rels/.rels
18:51:00.813 [main] DEBUG - using default POIXMLDocumentPart for http://schemas.openxmlformats.org/officeDocument/2006/relationships/printerSettings
18:51:09.088 [main] INFO  - clicked on login
18:51:09.307 [main] INFO  - entered email and pwd
18:51:09.843 [main] INFO  - clicked on login button
18:51:09.884 [main] INFO  - Completed the LogintoOpenCart.feature file Test Case
18:51:17.236 [main] INFO  - clicked on login
18:51:17.466 [main] INFO  - entered email and pwd
18:51:17.923 [main] INFO  - clicked on login button
18:51:35.097 [main] INFO  - clicked on login
18:51:35.317 [main] INFO  - entered email and pwd
18:51:35.718 [main] INFO  - clicked on login button
